<?xml version="1.0" encoding="UTF-8" ?>
<testsuite tests="7" failures="0" name="SqllabQueryGenerator.Tez.ReadWriteHDFSTest" time="1.081" errors="0" skipped="0">
  <properties>
[...]
</properties>
  <testcase classname="SqllabQueryGenerator.Tez.ReadWriteHDFSTest" name="testGenerateValue1" time="0.399"/>
  <testcase classname="SqllabQueryGenerator.Tez.ReadWriteHDFSTest" name="testGenerateValue2" time="0"/>
  <testcase classname="SqllabQueryGenerator.Tez.ReadWriteHDFSTest" name="testGenerateValue3" time="0.682"/>
  <testcase classname="SqllabQueryGenerator.Tez.ReadWriteHDFSTest" name="testGenerateValue4" time="0"/>
  <testcase classname="SqllabQueryGenerator.Tez.ReadWriteHDFSTest" name="testGenerateLogFormat1" time="0"/>
  <testcase classname="SqllabQueryGenerator.Tez.ReadWriteHDFSTest" name="testGenerateLogFormat2" time="0"/>
  <testcase classname="SqllabQueryGenerator.Tez.ReadWriteHDFSTest" name="testGenerateLogFormat3" time="0"/>
</testsuite>